2014-04-07 09:33:13 Error: [MissingControllerException] Controller class RutesController could not be found.
Exception Attributes: array (
  'class' => 'RutesController',
  'plugin' => NULL,
)
Request URL: /Rutes/index.php/Rutes/
Stack Trace:
#0 /Applications/MAMP/htdocs/GitHub/Rutes/app/webroot/index.php(108): Dispatcher->dispatch(Object(CakeRequest), Object(CakeResponse))
#1 /Applications/MAMP/htdocs/GitHub/Rutes/index.php(41): require('/Applications/M...')
#2 {main}
2014-04-07 10:28:28 Error: [MissingControllerException] Controller class RutesController could not be found.
Exception Attributes: array (
  'class' => 'RutesController',
  'plugin' => NULL,
)
Request URL: /Rutes/index.php/Rutes/
Stack Trace:
#0 /Applications/MAMP/htdocs/GitHub/Rutes/app/webroot/index.php(108): Dispatcher->dispatch(Object(CakeRequest), Object(CakeResponse))
#1 /Applications/MAMP/htdocs/GitHub/Rutes/index.php(41): require('/Applications/M...')
#2 {main}
2014-04-07 10:33:18 Error: [MissingControllerException] Controller class RutesController could not be found.
Exception Attributes: array (
  'class' => 'RutesController',
  'plugin' => NULL,
)
Request URL: /Rutes/index.php/Rutes/
Stack Trace:
#0 /Applications/MAMP/htdocs/GitHub/Rutes/app/webroot/index.php(108): Dispatcher->dispatch(Object(CakeRequest), Object(CakeResponse))
#1 /Applications/MAMP/htdocs/GitHub/Rutes/index.php(41): require('/Applications/M...')
#2 {main}
2014-04-07 10:33:19 Error: [MissingControllerException] Controller class RutesController could not be found.
Exception Attributes: array (
  'class' => 'RutesController',
  'plugin' => NULL,
)
Request URL: /Rutes/index.php/Rutes/
Stack Trace:
#0 /Applications/MAMP/htdocs/GitHub/Rutes/app/webroot/index.php(108): Dispatcher->dispatch(Object(CakeRequest), Object(CakeResponse))
#1 /Applications/MAMP/htdocs/GitHub/Rutes/index.php(41): require('/Applications/M...')
#2 {main}
2014-04-07 10:34:35 Error: [MissingControllerException] Controller class RutesController could not be found.
Exception Attributes: array (
  'class' => 'RutesController',
  'plugin' => NULL,
)
Request URL: /Rutes/index.php/Rutes/
Stack Trace:
#0 /Applications/MAMP/htdocs/GitHub/Rutes/app/webroot/index.php(108): Dispatcher->dispatch(Object(CakeRequest), Object(CakeResponse))
#1 /Applications/MAMP/htdocs/GitHub/Rutes/index.php(41): require('/Applications/M...')
#2 {main}
2014-04-07 10:35:06 Error: [MissingControllerException] Controller class RutesController could not be found.
Exception Attributes: array (
  'class' => 'RutesController',
  'plugin' => NULL,
)
Request URL: /Rutes/index.php/Rutes/
Stack Trace:
#0 /Applications/MAMP/htdocs/GitHub/Rutes/app/webroot/index.php(108): Dispatcher->dispatch(Object(CakeRequest), Object(CakeResponse))
#1 /Applications/MAMP/htdocs/GitHub/Rutes/index.php(41): require('/Applications/M...')
#2 {main}
